[7l----total-cpu-usage----
usr sys idl wai hiq siq
 16   6  78   0   0   0
  5   3  92   0   0   0
  6   3  91   0   0   0
  4   2  93   0   0   0
  4   3  93   0   0   0
  7   2  91   0   0   0
  4   2  94   0   0   0
 42  10  48   0   0   0
 21   5  74   0   0   0
 22   6  71   1   0   0
 30   8  62   0   0   0
 65   9  26   0   0   1
 45   8  46   0   0   1
 36   4  59   0   0   0
 39   5  55   1   0   0
 37   5  58   0   0   0
 43   6  50   0   0   0
 39   6  55   0   0   0
 26   6  67   0   0   0
 19  10  70   1   0   0
 16   6  78   0   0   0
 11   4  83   2   0   0
 15   4  81   1   0   0
 15   5  79   1   0   0
 17   5  78   0   0   0
 14   5  80   0   0   0
 16   5  79   0   0   0
 16   6  78   0   0   0
 23   4  72   1   0   0
 16   6  77   1   0   0
  5   3  92   0   0   0
 16   5  79   0   0   0
 10   4  86   0   0   0
 33  10  57   0   0   0
 44   9  46   1   0   0
 62   8  30   0   0   1
 49   6  45   0   0   0
 51   5  43   1   0   0
 52   8  39   1   0   0
 46   8  45   0   0   1
 22   7  71   0   0   0
 32   8  58   1   0   0
 45   8  47   0   0   0
 67  12  20   0   0   1
 82  15   3   0   0   1
 88  11   1   0   0   0
 86  12   1   0   0   1
 88  10   3   0   0   0
 84  10   5   0   0   1
 84  10   5   0   0   1
 83  10   6   0   0   1
 83  11   6   0   0   1
 79  14   5   0   0   2
 79  12   8   0   0   2
 81  11   6   0   0   2
 79  14   5   0   0   1
 78  15   6   0   0   1
 57   9  33   0   0   0
  5   2  92   1   0   0
 18   6  75   1   0   0
 10   3  87   0   0   0
  9   3  87   0   0   0
  7   3  90   1   0   0
  5   2  93   0   0   0
  5   2  93   0   0   0
  7   4  89   1   0   0
  5   3  93   0   0   0
  9   5  86   0   0   0
  7   3  89   1   0   0
  8   4  88   1   0   0
 11   4  85   0   0   0
 30   6  64   0   0   0
 50   6  44   0   0   1
  6   3  90   0   0   0
  5   2  92   1   0   0
  5   2  92   0   0   0
  8   3  89   0   0   0
 11   5  84   1   0   0
  8   2  89   0   0   0
 12   3  85   1   0   0
  6   3  91   0   0   0
  8   4  88   0   0   0
 21   6  73   0   0   0
 31   6  62   0   0   0
 33   5  62   0   0   1
 31   9  59   0   0   1
 34   8  57   0   0   1
 27   9  63   0   0   0
 20   7  72   0   0   0
 27   7  66   0   0   0
 26   7  68   0   0   0
 27   9  64   1   0   0
 34   5  61   0   0   0
 20   5  76   0   0   0
 22   6  73   0   0   0
 27  11  61   0   0   0
 20   6  74   0   0   0
 20   6  73   1   0   0
 14   3  82   0   0   0
 16   4  79   1   0   0
 17   8  75   0   0   0
